%time core_I mic_click_I mic_click_I battery
0 0 0 0 0
0.001 0.304290711944498 0 0 1
0.002 0.288522219452037 0 0 1
0.003 0.292337880279285 0.12 0 1
0.004 0.243444444444444 0.12 0 0.99999999943354
0.005 0.243444444444444 0.12 0 0.999999997967133
0.006 0.243444444444444 0.12 0 0.999999996160059
0.007 0.243444444444444 0.12 0 0.99999999443801
0.008 0.243444444444444 0.12 0 0.999999992808156
0.009 0.243444444444444 0.12 0 0.999999991178297
0.01 0.243444444444444 0.12 0 0.999999989548437
0.011 0.243444444444444 0.12 0 0.999999987918577
0.012 0.243444444444444 0.12 0 0.999999986288718
0.013 0.243444444444444 0.12 0 0.999999984658858
0.014 0.243444444444444 0.12 0 0.999999983028999
0.015 0.243444444444444 0.12 0 0.999999981399139
0.016 0.243444444444444 0.12 0 0.999999979769279
0.017 0.243444444444444 0.12 0 0.99999997813942
0.018 0.243444444444444 0.12 0 0.99999997650956
0.019 0.243444444444444 0.12 0 0.999999974879701
0.02 0.243444444444444 0.12 0 0.999999973249841
0.021 0.243444444444444 0.12 0 0.999999971619982
0.022 0.243444444444444 0.12 0 0.999999969990122
0.023 0.243444444444444 0.12 0 0.999999968360263
0.024 0.243444444444444 0.12 0 0.999999966730403
0.025 0.243444444444444 0.12 0 0.999999965100544
0.026 0.243444444444444 0.12 0 0.999999963470684
0.027 0.243444444444444 0.12 0 0.999999961840825
0.028 0.243444444444444 0.12 0 0.999999960210965
0.029 0.243444444444444 0.12 0 0.999999958581106
0.03 0.243444444444444 0.12 0 0.999999956951246
0.031 0.243444444444444 0.12 0 0.999999955321387
0.032 0.243444444444444 0.12 0 0.999999953691527
0.033 0.290213834324576 0.0019999999999999 0.16 0.999999952061668
0.034 0.243444444444444 0.002 0.16 0.999999950431809
0.035 0.243444444444444 0.002 0.16 0.999999948674456
0.036 0.243444444444444 0.002 0.16 0.999999946701181
0.037 0.243444444444444 0.002 0.16 0.999999944727922
0.038 0.243444444444444 0.002 0.16 0.999999942843102
0.039 0.243444444444444 0.002 0.16 0.999999940958275
0.04 0.243444444444444 0.002 0.16 0.999999939073448
0.041 0.243444444444444 0.002 0.16 0.999999937188622
0.042 0.243444444444444 0.002 0.16 0.999999935303795
0.043 0.243444444444444 0.002 0.16 0.999999933418969
0.044 0.243444444444444 0.002 0.16 0.999999931534142
0.045 0.243444444444444 0.002 0.16 0.999999929649315
0.046 0.243444444444444 0.002 0.16 0.999999927764489
0.047 0.243444444444444 0.002 0.16 0.999999925879662
0.048 0.243444444444444 0.002 0.16 0.999999923994835
0.049 0.243444444444444 0.002 0.16 0.999999922110009
0.05 0.243444444444444 0.002 0.16 0.999999920225182
0.051 0.243444444444444 0.002 0.16 0.999999918340356
0.052 0.243444444444444 0.002 0.16 0.999999916455529
0.053 0.243444444444444 0.002 0.16 0.999999914570702
0.054 0.243444444444444 0.002 0.16 0.999999912685876
0.055 0.243444444444444 0.002 0.16 0.999999910801049
0.056 0.243444444444444 0.002 0.16 0.999999908916222
0.057 0.243444444444444 0.002 0.16 0.999999907031396
0.058 0.243444444444444 0.002 0.16 0.999999905146569
0.059 0.243444444444444 0.002 0.16 0.999999903261742
0.06 0.243444444444444 0.002 0.16 0.999999901376916
0.061 0.243444444444444 0.002 0.16 0.999999899492089
0.062 0.243444444444444 0.002 0.16 0.999999897607263
0.063 0.286783216846215 0.002 0.00200000000000097 0.999999895722436
0.064 0.284989574448044 0.12 0.002 0.999999893837609
0.065 0.243444444444444 0.12 0.002 0.999999892430541
0.066 0.243444444444444 0.12 0.002 0.99999989106314
0.067 0.243444444444444 0.12 0.002 0.999999889261063
0.068 0.243444444444444 0.12 0.002 0.999999887540746
0.069 0.243444444444444 0.12 0.002 0.999999885898766
0.07 0.243444444444444 0.12 0.002 0.999999884256782
0.071 0.243444444444444 0.12 0.002 0.999999882614797
0.072 0.243444444444444 0.12 0.002 0.999999880972812
0.073 0.243444444444444 0.12 0.002 0.999999879330828
0.074 0.243444444444444 0.12 0.002 0.999999877688843
0.075 0.243444444444444 0.12 0.002 0.999999876046858
0.076 0.243444444444444 0.12 0.002 0.999999874404874
0.077 0.243444444444444 0.12 0.002 0.999999872762889
0.078 0.243444444444444 0.12 0.002 0.999999871120904
0.079 0.243444444444444 0.12 0.002 0.99999986947892
0.08 0.243444444444444 0.12 0.002 0.999999867836935
0.081 0.243444444444444 0.12 0.002 0.999999866194951
0.082 0.243444444444444 0.12 0.002 0.999999864552966
0.083 0.243444444444444 0.12 0.002 0.999999862910981
0.084 0.243444444444444 0.12 0.002 0.999999861268997
0.085 0.243444444444444 0.12 0.002 0.999999859627012
0.086 0.243444444444444 0.12 0.002 0.999999857985027
0.087 0.243444444444444 0.12 0.002 0.999999856343043
0.088 0.243444444444444 0.12 0.002 0.999999854701058
0.089 0.243444444444444 0.12 0.002 0.999999853059073
0.09 0.243444444444444 0.12 0.002 0.999999851417089
0.091 0.243444444444444 0.12 0.002 0.999999849775104
0.092 0.243444444444444 0.12 0.002 0.999999848133119
0.093 0.243444444444444 0.12 0.002 0.999999846491135
0.094 0.290215671040655 0.0019999999999999 0.16 0.99999984484915
0.095 0.243444444444445 0.002 0.16 0.999999843207165
0.096 0.243444444444444 0.002 0.16 0.999999841443751
0.097 0.243444444444444 0.002 0.16 0.999999839470472
0.098 0.243444444444444 0.002 0.16 0.99999983749721
0.099 0.243444444444444 0.002 0.16 0.99999983561239
0.1 0.243444444444444 0.002 0.16 0.999999833727564
0.101 0.243444444444444 0.002 0.16 0.999999831842737
0.102 0.243444444444444 0.002 0.16 0.999999829957911
0.103 0.243444444444444 0.002 0.16 0.999999828073084
0.104 0.243444444444444 0.002 0.16 0.999999826188258
0.105 0.243444444444444 0.002 0.16 0.999999824303431
0.106 0.243444444444444 0.002 0.16 0.999999822418605
0.107 0.243444444444444 0.002 0.16 0.999999820533778
0.108 0.243444444444444 0.002 0.16 0.999999818648951
0.109 0.243444444444444 0.002 0.16 0.999999816764125
0.11 0.243444444444444 0.002 0.16 0.999999814879298
0.111 0.243444444444444 0.002 0.16 0.999999812994472
0.112 0.243444444444444 0.002 0.16 0.999999811109645
0.113 0.243444444444444 0.002 0.16 0.999999809224819
0.114 0.243444444444444 0.002 0.16 0.999999807339992
0.115 0.243444444444444 0.002 0.16 0.999999805455166
0.116 0.243444444444444 0.002 0.16 0.999999803570339
0.117 0.243444444444444 0.002 0.16 0.999999801685513
0.118 0.243444444444444 0.002 0.16 0.999999799800686
0.119 0.243444444444444 0.002 0.16 0.99999979791586
0.12 0.243444444444444 0.002 0.16 0.999999796031033
0.121 0.243444444444444 0.002 0.16 0.999999794146207
0.122 0.243444444444444 0.002 0.16 0.99999979226138
0.123 0.243444444444444 0.002 0.16 0.999999790376554
0.124 0.287816858979924 0.12 0.00199999999999986 0.999999788491727
0.125 0.243444444444445 0.12 0.002 0.999999786606901
0.126 0.243444444444444 0.12 0.002 0.999999784843503
0.127 0.243444444444444 0.12 0.002 0.999999783117847
0.128 0.243444444444444 0.12 0.002 0.999999781392188
0.129 0.243444444444444 0.12 0.002 0.999999779750208
0.13 0.243444444444444 0.12 0.002 0.999999778108224
0.131 0.243444444444444 0.12 0.002 0.999999776466239
0.132 0.243444444444444 0.12 0.002 0.999999774824255
0.133 0.243444444444444 0.12 0.002 0.99999977318227
0.134 0.243444444444444 0.12 0.002 0.999999771540286
0.135 0.243444444444444 0.12 0.002 0.999999769898301
0.136 0.243444444444444 0.12 0.002 0.999999768256317
0.137 0.243444444444444 0.12 0.002 0.999999766614332
0.138 0.243444444444444 0.12 0.002 0.999999764972348
0.139 0.243444444444444 0.12 0.002 0.999999763330363
0.14 0.243444444444444 0.12 0.002 0.999999761688378
0.141 0.243444444444444 0.12 0.002 0.999999760046394
0.142 0.243444444444444 0.12 0.002 0.999999758404409
0.143 0.243444444444444 0.12 0.002 0.999999756762425
0.144 0.243444444444444 0.12 0.002 0.99999975512044
0.145 0.243444444444444 0.12 0.002 0.999999753478456
0.146 0.243444444444444 0.12 0.002 0.999999751836471
0.147 0.243444444444444 0.12 0.002 0.999999750194487
0.148 0.243444444444444 0.12 0.002 0.999999748552502
0.149 0.243444444444444 0.12 0.002 0.999999746910518
0.15 0.243444444444444 0.12 0.002 0.999999745268533
0.151 0.243444444444444 0.12 0.002 0.999999743626548
0.152 0.243444444444444 0.12 0.002 0.999999741984564
0.153 0.243444444444444 0.12 0.002 0.999999740342579
0.154 0.290176846117893 0.0019999999999999 0.16 0.999999738700595
0.155 0.243444444444446 0.002 0.16 0.99999973705861
0.156 0.243444444444444 0.002 0.16 0.999999735295196
0.157 0.243444444444444 0.002 0.16 0.999999733321991
0.158 0.243444444444444 0.002 0.16 0.999999731348802
0.159 0.243444444444444 0.002 0.16 0.999999729463983
0.16 0.243444444444444 0.002 0.16 0.999999727579156
0.161 0.243444444444444 0.002 0.16 0.99999972569433
0.162 0.243444444444444 0.002 0.16 0.999999723809503
0.163 0.243444444444444 0.002 0.16 0.999999721924677
0.164 0.243444444444444 0.002 0.16 0.99999972003985
0.165 0.243444444444444 0.002 0.16 0.999999718155024
0.166 0.243444444444444 0.002 0.16 0.999999716270198
0.167 0.243444444444444 0.002 0.16 0.999999714385371
0.168 0.243444444444444 0.002 0.16 0.999999712500545
0.169 0.243444444444444 0.002 0.16 0.999999710615718
0.17 0.243444444444444 0.002 0.16 0.999999708730892
0.171 0.243444444444444 0.002 0.16 0.999999706846066
0.172 0.243444444444444 0.002 0.16 0.999999704961239
0.173 0.243444444444444 0.002 0.16 0.999999703076413
0.174 0.243444444444444 0.002 0.16 0.999999701191586
0.175 0.243444444444444 0.002 0.16 0.99999969930676
0.176 0.243444444444444 0.002 0.16 0.999999697421934
0.177 0.243444444444444 0.002 0.16 0.999999695537107
0.178 0.243444444444444 0.002 0.16 0.999999693652281
0.179 0.243444444444444 0.002 0.16 0.999999691767454
0.18 0.243444444444444 0.002 0.16 0.999999689882628
0.181 0.243444444444444 0.002 0.16 0.999999687997802
0.182 0.243444444444444 0.002 0.16 0.999999686112975
0.183 0.243444444444444 0.002 0.16 0.999999684228149
0.184 0.288042372981753 0.12 0.00199999999999986 0.999999682343322
0.185 0.243444444444444 0.12 0.002 0.999999680458496
0.186 0.243444444444444 0.12 0.002 0.999999678695098
0.187 0.243444444444444 0.12 0.002 0.999999676969016
0.188 0.243444444444444 0.12 0.002 0.999999675242932
0.189 0.243444444444444 0.12 0.002 0.999999673600953
0.19 0.243444444444444 0.12 0.002 0.999999671958968
0.191 0.243444444444444 0.12 0.002 0.999999670316984
0.192 0.243444444444444 0.12 0.002 0.999999668675
0.193 0.243444444444444 0.12 0.002 0.999999667033015
0.194 0.243444444444444 0.12 0.002 0.999999665391031
0.195 0.243444444444444 0.12 0.002 0.999999663749046
0.196 0.243444444444444 0.12 0.002 0.999999662107062
0.197 0.243444444444444 0.12 0.002 0.999999660465077
0.198 0.243444444444444 0.12 0.002 0.999999658823093
0.199 0.243444444444444 0.12 0.002 0.999999657181109
0.2 0.243444444444444 0.12 0.002 0.999999655539124
0.201 0.243444444444444 0.12 0.002 0.99999965389714
0.202 0.243444444444444 0.12 0.002 0.999999652255155
0.203 0.243444444444444 0.12 0.002 0.999999650613171
0.204 0.243444444444444 0.12 0.002 0.999999648971186
0.205 0.243444444444444 0.12 0.002 0.999999647329202
0.206 0.243444444444444 0.12 0.002 0.999999645687217
0.207 0.243444444444444 0.12 0.002 0.999999644045233
0.208 0.243444444444444 0.12 0.002 0.999999642403249
0.209 0.243444444444444 0.12 0.002 0.999999640761264
0.21 0.243444444444444 0.12 0.002 0.99999963911928
0.211 0.243444444444444 0.12 0.002 0.999999637477295
0.212 0.243444444444444 0.12 0.002 0.999999635835311
0.213 0.243444444444444 0.12 0.002 0.999999634193326
0.214 0.290194014374928 0.0019999999999999 0.16 0.999999632551342
0.215 0.243444444444444 0.002 0.16 0.999999630909358
0.216 0.243444444444444 0.002 0.16 0.999999629145943
0.217 0.243444444444444 0.002 0.16 0.999999627172706
0.218 0.243444444444444 0.002 0.16 0.999999625199485
0.219 0.243444444444444 0.002 0.16 0.999999623314665
0.22 0.243444444444444 0.002 0.16 0.999999621429839
0.221 0.243444444444444 0.002 0.16 0.999999619545013
0.222 0.243444444444444 0.002 0.16 0.999999617660186
0.223 0.243444444444444 0.002 0.16 0.99999961577536
0.224 0.243444444444444 0.002 0.16 0.999999613890534
0.225 0.243444444444444 0.002 0.16 0.999999612005708
0.226 0.243444444444444 0.002 0.16 0.999999610120881
0.227 0.243444444444444 0.002 0.16 0.999999608236055
0.228 0.243444444444444 0.002 0.16 0.999999606351229
0.229 0.243444444444444 0.002 0.16 0.999999604466402
0.23 0.243444444444444 0.002 0.16 0.999999602581576
0.231 0.243444444444444 0.002 0.16 0.99999960069675
0.232 0.243444444444444 0.002 0.16 0.999999598811923
0.233 0.243444444444444 0.002 0.16 0.999999596927097
0.234 0.243444444444444 0.002 0.16 0.999999595042271
0.235 0.243444444444444 0.002 0.16 0.999999593157445
0.236 0.243444444444444 0.002 0.16 0.999999591272618
0.237 0.243444444444444 0.002 0.16 0.999999589387792
0.238 0.243444444444444 0.002 0.16 0.999999587502966
0.239 0.243444444444444 0.002 0.16 0.999999585618139
0.24 0.243444444444444 0.002 0.16 0.999999583733313
0.241 0.243444444444444 0.002 0.16 0.999999581848487
0.242 0.243444444444444 0.002 0.16 0.999999579963661
0.243 0.243444444444444 0.002 0.16 0.999999578078834
0.244 0.288042372981753 0.12 0.00199999999999986 0.999999576194008
0.245 0.243444444444444 0.12 0.002 0.999999574309182
0.246 0.243444444444444 0.12 0.002 0.999999572545784
0.247 0.243444444444444 0.12 0.002 0.999999570819702
0.248 0.243444444444444 0.12 0.002 0.999999569093618
0.249 0.243444444444444 0.12 0.002 0.999999567451639
0.25 0.243444444444444 0.12 0.002 0.999999565809655
0.251 0.243444444444444 0.12 0.002 0.99999956416767
0.252 0.243444444444444 0.12 0.002 0.999999562525686
0.253 0.243444444444444 0.12 0.002 0.999999560883702
0.254 0.243444444444444 0.12 0.002 0.999999559241717
0.255 0.243444444444444 0.12 0.002 0.999999557599733
0.256 0.243444444444444 0.12 0.002 0.999999555957749
0.257 0.243444444444444 0.12 0.002 0.999999554315764
0.258 0.243444444444444 0.12 0.002 0.99999955267378
0.259 0.243444444444444 0.12 0.002 0.999999551031796
0.26 0.243444444444444 0.12 0.002 0.999999549389811
0.261 0.243444444444444 0.12 0.002 0.999999547747827
0.262 0.243444444444444 0.12 0.002 0.999999546105843
0.263 0.243444444444444 0.12 0.002 0.999999544463858
0.264 0.243444444444444 0.12 0.002 0.999999542821874
0.265 0.243444444444444 0.12 0.002 0.99999954117989
0.266 0.243444444444444 0.12 0.002 0.999999539537905
0.267 0.243444444444444 0.12 0.002 0.999999537895921
0.268 0.243444444444444 0.12 0.002 0.999999536253937
0.269 0.243444444444444 0.12 0.002 0.999999534611952
0.27 0.243444444444444 0.12 0.002 0.999999532969968
0.271 0.243444444444444 0.12 0.002 0.999999531327984
0.272 0.243444444444444 0.12 0.002 0.999999529685999
0.273 0.243444444444444 0.12 0.002 0.999999528044015
0.274 0.290206897279365 0.0019999999999999 0.16 0.999999526402031
0.275 0.243444444444444 0.002 0.16 0.999999524760046
0.276 0.243444444444444 0.002 0.16 0.999999522996632
0.277 0.243444444444444 0.002 0.16 0.999999521023371
0.278 0.243444444444444 0.002 0.16 0.999999519050126
0.279 0.243444444444444 0.002 0.16 0.999999517165306
0.28 0.243444444444444 0.002 0.16 0.99999951528048
0.281 0.243444444444444 0.002 0.16 0.999999513395654
0.282 0.243444444444444 0.002 0.16 0.999999511510827
0.283 0.243444444444444 0.002 0.16 0.999999509626001
0.284 0.243444444444444 0.002 0.16 0.999999507741175
0.285 0.243444444444444 0.002 0.16 0.999999505856349
0.286 0.243444444444444 0.002 0.16 0.999999503971523
0.287 0.243444444444444 0.002 0.16 0.999999502086697
0.288 0.243444444444444 0.002 0.16 0.99999950020187
0.289 0.243444444444444 0.002 0.16 0.999999498317044
0.29 0.243444444444444 0.002 0.16 0.999999496432218
0.291 0.243444444444444 0.002 0.16 0.999999494547392
0.292 0.243444444444444 0.002 0.16 0.999999492662566
0.293 0.243444444444444 0.002 0.16 0.999999490777739
0.294 0.243444444444444 0.002 0.16 0.999999488892913
0.295 0.243444444444444 0.002 0.16 0.999999487008087
0.296 0.243444444444444 0.002 0.16 0.999999485123261
0.297 0.243444444444444 0.002 0.16 0.999999483238435
0.298 0.243444444444444 0.002 0.16 0.999999481353608
0.299 0.243444444444444 0.002 0.16 0.999999479468782
0.3 0.243444444444444 0.002 0.16 0.999999477583956
0.301 0.243444444444444 0.002 0.16 0.99999947569913
0.302 0.243444444444444 0.002 0.16 0.999999473814304
0.303 0.243444444444444 0.002 0.16 0.999999471929478
0.304 0.288058949387202 0.12 0.00199999999999986 0.999999470044651
0.305 0.243444444444444 0.12 0.002 0.999999468159825
0.306 0.243444444444444 0.12 0.002 0.999999466396428
0.307 0.243444444444444 0.12 0.002 0.999999464670315
0.308 0.243444444444444 0.12 0.002 0.999999462944199
0.309 0.243444444444444 0.12 0.002 0.99999946130222
0.31 0.243444444444444 0.12 0.002 0.999999459660236
0.311 0.243444444444444 0.12 0.002 0.999999458018252
0.312 0.243444444444444 0.12 0.002 0.999999456376267
0.313 0.243444444444444 0.12 0.002 0.999999454734283
0.314 0.243444444444444 0.12 0.002 0.999999453092299
0.315 0.243444444444444 0.12 0.002 0.999999451450314
0.316 0.243444444444444 0.12 0.002 0.99999944980833
0.317 0.243444444444444 0.12 0.002 0.999999448166346
0.318 0.243444444444444 0.12 0.002 0.999999446524362
0.319 0.243444444444444 0.12 0.002 0.999999444882378
0.32 0.243444444444444 0.12 0.002 0.999999443240393
0.321 0.243444444444444 0.12 0.002 0.999999441598409
0.322 0.243444444444444 0.12 0.002 0.999999439956425
0.323 0.243444444444444 0.12 0.002 0.999999438314441
0.324 0.243444444444444 0.12 0.002 0.999999436672456
0.325 0.243444444444444 0.12 0.002 0.999999435030472
0.326 0.243444444444444 0.12 0.002 0.999999433388488
0.327 0.243444444444444 0.12 0.002 0.999999431746504
0.328 0.243444444444444 0.12 0.002 0.99999943010452
0.329 0.243444444444444 0.12 0.002 0.999999428462535
0.33 0.243444444444444 0.12 0.002 0.999999426820551
0.331 0.243444444444444 0.12 0.002 0.999999425178567
0.332 0.243444444444444 0.12 0.002 0.999999423536583
0.333 0.243444444444444 0.12 0.002 0.999999421894599
0.334 0.250859751089151 0.0019999999999999 0.002 0.999999420252614
0.335 0.290054120204841 0.002 0.16 0.99999941861063
0.336 0.243444444444444 0.002 0.16 0.999999417324979
0.337 0.243444444444444 0.002 0.16 0.99999941590386
0.338 0.243444444444444 0.002 0.16 0.999999413916851
0.339 0.243444444444444 0.002 0.16 0.999999411943896
0.34 0.243444444444444 0.002 0.16 0.999999410059077
0.341 0.243444444444444 0.002 0.16 0.999999408174251
0.342 0.243444444444444 0.002 0.16 0.999999406289425
0.343 0.243444444444444 0.002 0.16 0.999999404404598
0.344 0.243444444444444 0.002 0.16 0.999999402519772
0.345 0.243444444444444 0.002 0.16 0.999999400634946
0.346 0.243444444444444 0.002 0.16 0.99999939875012
0.347 0.243444444444444 0.002 0.16 0.999999396865294
0.348 0.243444444444444 0.002 0.16 0.999999394980468
0.349 0.243444444444444 0.002 0.16 0.999999393095642
0.35 0.243444444444444 0.002 0.16 0.999999391210816
0.351 0.243444444444444 0.002 0.16 0.99999938932599
0.352 0.243444444444444 0.002 0.16 0.999999387441164
0.353 0.243444444444444 0.002 0.16 0.999999385556338
0.354 0.243444444444444 0.002 0.16 0.999999383671512
0.355 0.243444444444444 0.002 0.16 0.999999381786686
0.356 0.243444444444444 0.002 0.16 0.999999379901859
0.357 0.243444444444444 0.002 0.16 0.999999378017033
0.358 0.243444444444444 0.002 0.16 0.999999376132207
0.359 0.243444444444444 0.002 0.16 0.999999374247381
0.36 0.243444444444444 0.002 0.16 0.999999372362555
0.361 0.243444444444444 0.002 0.16 0.999999370477729
0.362 0.243444444444444 0.002 0.16 0.999999368592903
0.363 0.243444444444444 0.002 0.16 0.999999366708077
0.364 0.243444444444444 0.002 0.16 0.999999364823251
0.365 0.288017204788072 0.12 0.00199999999999986 0.999999362938425
0.366 0.243444444444444 0.12 0.002 0.999999361053599
0.367 0.243444444444444 0.12 0.002 0.999999359290202
0.368 0.243444444444444 0.12 0.002 0.999999357564167
0.369 0.243444444444444 0.12 0.002 0.999999355838131
0.37 0.243444444444444 0.12 0.002 0.999999354196152
0.371 0.243444444444444 0.12 0.002 0.999999352554168
0.372 0.243444444444444 0.12 0.002 0.999999350912184
0.373 0.243444444444444 0.12 0.002 0.999999349270199
0.374 0.243444444444444 0.12 0.002 0.999999347628215
0.375 0.243444444444444 0.12 0.002 0.999999345986231
0.376 0.243444444444444 0.12 0.002 0.999999344344247
0.377 0.243444444444444 0.12 0.002 0.999999342702263
0.378 0.243444444444444 0.12 0.002 0.999999341060278
0.379 0.243444444444444 0.12 0.002 0.999999339418294
0.38 0.243444444444444 0.12 0.002 0.99999933777631
0.381 0.243444444444444 0.12 0.002 0.999999336134326
0.382 0.243444444444444 0.12 0.002 0.999999334492341
0.383 0.243444444444444 0.12 0.002 0.999999332850357
0.384 0.243444444444444 0.12 0.002 0.999999331208373
0.385 0.243444444444444 0.12 0.002 0.999999329566389
0.386 0.243444444444444 0.12 0.002 0.999999327924405
0.387 0.243444444444444 0.12 0.002 0.999999326282421
0.388 0.243444444444444 0.12 0.002 0.999999324640437
0.389 0.243444444444444 0.12 0.002 0.999999322998453
0.39 0.243444444444444 0.12 0.002 0.999999321356468
0.391 0.243444444444444 0.12 0.002 0.999999319714484
0.392 0.243444444444444 0.12 0.002 0.9999993180725
0.393 0.243444444444444 0.12 0.002 0.999999316430516
0.394 0.243444444444444 0.12 0.002 0.999999314788532
0.395 0.290179617934674 0.0019999999999999 0.16 0.999999313146548
0.396 0.243444444444444 0.002 0.16 0.999999311504564
0.397 0.243444444444444 0.002 0.16 0.99999930974115
0.398 0.243444444444444 0.002 0.16 0.99999930776794
0.399 0.243444444444444 0.002 0.16 0.999999305794747
0.4 0.243444444444444 0.002 0.16 0.999999303909927
0.401 0.243444444444444 0.002 0.16 0.999999302025101
0.402 0.243444444444444 0.002 0.16 0.999999300140275
0.403 0.243444444444444 0.002 0.16 0.99999929825545
0.404 0.243444444444444 0.002 0.16 0.999999296370624
0.405 0.243444444444444 0.002 0.16 0.999999294485798
0.406 0.243444444444444 0.002 0.16 0.999999292600972
0.407 0.243444444444444 0.002 0.16 0.999999290716146
0.408 0.243444444444444 0.002 0.16 0.99999928883132
0.409 0.243444444444444 0.002 0.16 0.999999286946494
0.41 0.243444444444444 0.002 0.16 0.999999285061668
0.411 0.243444444444444 0.002 0.16 0.999999283176842
0.412 0.243444444444444 0.002 0.16 0.999999281292016
0.413 0.243444444444444 0.002 0.16 0.99999927940719
0.414 0.243444444444444 0.002 0.16 0.999999277522364
0.415 0.243444444444444 0.002 0.16 0.999999275637538
0.416 0.243444444444444 0.002 0.16 0.999999273752712
0.417 0.243444444444444 0.002 0.16 0.999999271867886
0.418 0.243444444444444 0.002 0.16 0.99999926998306
0.419 0.243444444444444 0.002 0.16 0.999999268098234
0.42 0.243444444444444 0.002 0.16 0.999999266213408
0.421 0.243444444444444 0.002 0.16 0.999999264328582
0.422 0.243444444444444 0.002 0.16 0.999999262443756
0.423 0.243444444444444 0.002 0.16 0.99999926055893
0.424 0.243444444444444 0.002 0.16 0.999999258674104
0.425 0.28781151932281 0.12 0.00199999999999986 0.999999256789278
0.426 0.243444444444444 0.12 0.002 0.999999254904452
0.427 0.243444444444444 0.12 0.002 0.999999253141055
0.428 0.243444444444444 0.12 0.002 0.999999251415409
0.429 0.243444444444444 0.12 0.002 0.999999249689761
0.43 0.243444444444444 0.12 0.002 0.999999248047782
0.431 0.243444444444444 0.12 0.002 0.999999246405798
0.432 0.243444444444444 0.12 0.002 0.999999244763814
0.433 0.243444444444444 0.12 0.002 0.99999924312183
0.434 0.243444444444444 0.12 0.002 0.999999241479846
0.435 0.243444444444444 0.12 0.002 0.999999239837862
0.436 0.243444444444444 0.12 0.002 0.999999238195878
0.437 0.243444444444444 0.12 0.002 0.999999236553894
0.438 0.243444444444444 0.12 0.002 0.99999923491191
0.439 0.243444444444444 0.12 0.002 0.999999233269925
0.44 0.243444444444444 0.12 0.002 0.999999231627941
0.441 0.243444444444444 0.12 0.002 0.999999229985957
0.442 0.243444444444444 0.12 0.002 0.999999228343973
0.443 0.243444444444444 0.12 0.002 0.999999226701989
0.444 0.243444444444444 0.12 0.002 0.999999225060005
0.445 0.243444444444444 0.12 0.002 0.999999223418021
0.446 0.243444444444444 0.12 0.002 0.999999221776037
0.447 0.243444444444444 0.12 0.002 0.999999220134053
0.448 0.243444444444444 0.12 0.002 0.999999218492069
0.449 0.243444444444444 0.12 0.002 0.999999216850084
0.45 0.243444444444444 0.12 0.002 0.9999992152081
0.451 0.243444444444444 0.12 0.002 0.999999213566116
0.452 0.243444444444444 0.12 0.002 0.999999211924132
0.453 0.243444444444444 0.12 0.002 0.999999210282148
0.454 0.243444444444444 0.12 0.002 0.999999208640164
0.455 0.290196231920893 0.0019999999999999 0.16 0.99999920699818
0.456 0.243444444444444 0.002 0.16 0.999999205356196
0.457 0.243444444444444 0.002 0.16 0.999999203592782
0.458 0.243444444444444 0.002 0.16 0.999999201619541
0.459 0.243444444444444 0.002 0.16 0.999999199646317
0.46 0.243444444444444 0.002 0.16 0.999999197761497
0.461 0.243444444444444 0.002 0.16 0.999999195876672
0.462 0.243444444444444 0.002 0.16 0.999999193991846
0.463 0.243444444444444 0.002 0.16 0.99999919210702
0.464 0.243444444444444 0.002 0.16 0.999999190222194
0.465 0.243444444444444 0.002 0.16 0.999999188337368
0.466 0.243444444444444 0.002 0.16 0.999999186452542
0.467 0.243444444444444 0.002 0.16 0.999999184567716
0.468 0.243444444444444 0.002 0.16 0.999999182682891
0.469 0.243444444444444 0.002 0.16 0.999999180798065
0.47 0.243444444444444 0.002 0.16 0.999999178913239
0.471 0.243444444444444 0.002 0.16 0.999999177028413
0.472 0.243444444444444 0.002 0.16 0.999999175143587
0.473 0.243444444444444 0.002 0.16 0.999999173258761
0.474 0.243444444444444 0.002 0.16 0.999999171373935
0.475 0.243444444444444 0.002 0.16 0.99999916948911
0.476 0.243444444444444 0.002 0.16 0.999999167604284
0.477 0.243444444444444 0.002 0.16 0.999999165719458
0.478 0.243444444444444 0.002 0.16 0.999999163834632
0.479 0.243444444444444 0.002 0.16 0.999999161949806
0.48 0.243444444444444 0.002 0.16 0.99999916006498
0.481 0.243444444444444 0.002 0.16 0.999999158180155
0.482 0.243444444444444 0.002 0.16 0.999999156295329
0.483 0.243444444444444 0.002 0.16 0.999999154410503
0.484 0.243444444444444 0.002 0.16 0.999999152525677
0.485 0.28781151932281 0.12 0.00199999999999986 0.999999150640851
0.486 0.243444444444444 0.12 0.002 0.999999148756025
0.487 0.243444444444444 0.12 0.002 0.999999146992628
0.488 0.243444444444444 0.12 0.002 0.999999145266982
0.489 0.243444444444444 0.12 0.002 0.999999143541334
0.49 0.243444444444444 0.12 0.002 0.999999141899356
0.491 0.243444444444444 0.12 0.002 0.999999140257372
0.492 0.243444444444444 0.12 0.002 0.999999138615388
0.493 0.243444444444444 0.12 0.002 0.999999136973404
0.494 0.243444444444444 0.12 0.002 0.99999913533142
0.495 0.243444444444444 0.12 0.002 0.999999133689436
0.496 0.243444444444444 0.12 0.002 0.999999132047452
0.497 0.243444444444444 0.12 0.002 0.999999130405468
0.498 0.243444444444444 0.12 0.002 0.999999128763484
0.499 0.243444444444444 0.12 0.002 0.9999991271215
0.5 0.243444444444444 0.12 0.002 0.999999125479516
0.501 0.243444444444444 0.12 0.002 0.999999123837532
0.502 0.243444444444444 0.12 0.002 0.999999122195548
0.503 0.243444444444444 0.12 0.002 0.999999120553564
0.504 0.243444444444444 0.12 0.002 0.99999911891158
0.505 0.243444444444444 0.12 0.002 0.999999117269596
0.506 0.243444444444444 0.12 0.002 0.999999115627612
0.507 0.243444444444444 0.12 0.002 0.999999113985628
0.508 0.243444444444444 0.12 0.002 0.999999112343644
0.509 0.243444444444444 0.12 0.002 0.99999911070166
0.51 0.243444444444444 0.12 0.002 0.999999109059676
0.511 0.243444444444444 0.12 0.002 0.999999107417692
0.512 0.243444444444444 0.12 0.002 0.999999105775708
0.513 0.243444444444444 0.12 0.002 0.999999104133724
0.514 0.243444444444444 0.12 0.002 0.99999910249174
0.515 0.290196726129623 0.0019999999999999 0.16 0.999999100849756
0.516 0.243444444444444 0.002 0.16 0.999999099207772
0.517 0.243444444444444 0.002 0.16 0.999999097444358
0.518 0.243444444444444 0.002 0.16 0.999999095471116
0.519 0.243444444444444 0.002 0.16 0.999999093497891
0.52 0.243444444444444 0.002 0.16 0.999999091613072
0.521 0.243444444444444 0.002 0.16 0.999999089728246
0.522 0.243444444444444 0.002 0.16 0.99999908784342
0.523 0.243444444444444 0.002 0.16 0.999999085958594
0.524 0.243444444444444 0.002 0.16 0.999999084073769
0.525 0.243444444444444 0.002 0.16 0.999999082188943
0.526 0.243444444444444 0.002 0.16 0.999999080304117
0.527 0.243444444444444 0.002 0.16 0.999999078419291
0.528 0.243444444444444 0.002 0.16 0.999999076534466
0.529 0.243444444444444 0.002 0.16 0.99999907464964
0.53 0.243444444444444 0.002 0.16 0.999999072764814
0.531 0.243444444444444 0.002 0.16 0.999999070879989
0.532 0.243444444444444 0.002 0.16 0.999999068995163
0.533 0.243444444444444 0.002 0.16 0.999999067110337
0.534 0.243444444444444 0.002 0.16 0.999999065225511
0.535 0.243444444444444 0.002 0.16 0.999999063340686
0.536 0.243444444444444 0.002 0.16 0.99999906145586
0.537 0.243444444444444 0.002 0.16 0.999999059571034
0.538 0.243444444444444 0.002 0.16 0.999999057686208
0.539 0.243444444444444 0.002 0.16 0.999999055801383
0.54 0.243444444444444 0.002 0.16 0.999999053916557
0.541 0.243444444444444 0.002 0.16 0.999999052031731
0.542 0.243444444444444 0.002 0.16 0.999999050146905
0.543 0.243444444444444 0.002 0.16 0.99999904826208
0.544 0.243444444444444 0.002 0.16 0.999999046377254
0.545 0.287699709787604 0.12 0.00199999999999986 0.999999044492428
0.546 0.243444444444444 0.12 0.002 0.999999042607602
0.547 0.243444444444444 0.12 0.002 0.999999040844206
0.548 0.243444444444444 0.12 0.002 0.999999039118771
0.549 0.243444444444444 0.12 0.002 0.999999037393334
0.55 0.243444444444444 0.12 0.002 0.999999035751355
0.551 0.243444444444444 0.12 0.002 0.999999034109371
0.552 0.243444444444444 0.12 0.002 0.999999032467388
0.553 0.243444444444444 0.12 0.002 0.999999030825404
0.554 0.243444444444444 0.12 0.002 0.99999902918342
0.555 0.243444444444444 0.12 0.002 0.999999027541436
0.556 0.243444444444444 0.12 0.002 0.999999025899452
0.557 0.243444444444444 0.12 0.002 0.999999024257468
0.558 0.243444444444444 0.12 0.002 0.999999022615484
0.559 0.243444444444444 0.12 0.002 0.9999990209735
0.56 0.243444444444444 0.12 0.002 0.999999019331516
0.561 0.243444444444444 0.12 0.002 0.999999017689533
0.562 0.243444444444444 0.12 0.002 0.999999016047549
0.563 0.243444444444444 0.12 0.002 0.999999014405565
0.564 0.243444444444444 0.12 0.002 0.999999012763581
0.565 0.243444444444444 0.12 0.002 0.999999011121597
0.566 0.243444444444444 0.12 0.002 0.999999009479613
0.567 0.243444444444444 0.12 0.002 0.999999007837629
0.568 0.243444444444444 0.12 0.002 0.999999006195645
0.569 0.243444444444444 0.12 0.002 0.999999004553662
0.57 0.243444444444444 0.12 0.002 0.999999002911678
0.571 0.243444444444444 0.12 0.002 0.999999001269694
0.572 0.243444444444444 0.12 0.002 0.99999899962771
0.573 0.243444444444444 0.12 0.002 0.999998997985726
0.574 0.243444444444444 0.12 0.002 0.999998996343742
0.575 0.28877827529952 0.0019999999999999 0.002 0.999998994701758
0.576 0.289637329821633 0.002 0.16 0.999998993059774
0.577 0.243444444444444 0.002 0.16 0.999998991774123
0.578 0.243444444444444 0.002 0.16 0.999998990281291
0.579 0.243444444444444 0.002 0.16 0.999998988223364
0.58 0.243444444444444 0.002 0.16 0.999998986251204
0.581 0.243444444444444 0.002 0.16 0.999998984366385
0.582 0.243444444444444 0.002 0.16 0.999998982481559
0.583 0.243444444444444 0.002 0.16 0.999998980596733
0.584 0.243444444444444 0.002 0.16 0.999998978711908
0.585 0.243444444444444 0.002 0.16 0.999998976827082
0.586 0.243444444444444 0.002 0.16 0.999998974942257
0.587 0.243444444444444 0.002 0.16 0.999998973057431
0.588 0.243444444444444 0.002 0.16 0.999998971172605
0.589 0.243444444444444 0.002 0.16 0.99999896928778
0.59 0.243444444444444 0.002 0.16 0.999998967402954
0.591 0.243444444444444 0.002 0.16 0.999998965518128
0.592 0.243444444444444 0.002 0.16 0.999998963633303
0.593 0.243444444444444 0.002 0.16 0.999998961748477
0.594 0.243444444444444 0.002 0.16 0.999998959863652
0.595 0.243444444444444 0.002 0.16 0.999998957978826
0.596 0.243444444444444 0.002 0.16 0.999998956094
0.597 0.243444444444444 0.002 0.16 0.999998954209175
0.598 0.243444444444444 0.002 0.16 0.999998952324349
0.599 0.243444444444444 0.002 0.16 0.999998950439523
0.6 0.243444444444444 0.002 0.16 0.999998948554698
0.601 0.243444444444444 0.002 0.16 0.999998946669872
0.602 0.243444444444444 0.002 0.16 0.999998944785046
0.603 0.243444444444444 0.002 0.16 0.999998942900221
0.604 0.243444444444444 0.002 0.16 0.999998941015395
0.605 0.243444444444444 0.002 0.16 0.99999893913057
0.606 0.287657041279589 0.002 0.12 0.999998937245744
0.607 0.243444444444444 0.002 0.12 0.999998935360918
0.608 0.243444444444444 0.002 0.12 0.999998933597522
0.609 0.243444444444444 0.002 0.12 0.999998931872168
0.61 0.243444444444444 0.002 0.12 0.999998930146811
0.611 0.243444444444444 0.002 0.12 0.999998928504833
0.612 0.243444444444444 0.002 0.12 0.999998926862849
0.613 0.243444444444444 0.002 0.12 0.999998925220865
0.614 0.243444444444444 0.002 0.12 0.999998923578881
0.615 0.243444444444444 0.002 0.12 0.999998921936898
0.616 0.243444444444444 0.002 0.12 0.999998920294914
0.617 0.243444444444444 0.002 0.12 0.99999891865293
0.618 0.243444444444444 0.002 0.12 0.999998917010946
0.619 0.243444444444444 0.002 0.12 0.999998915368963
0.62 0.243444444444444 0.002 0.12 0.999998913726979
0.621 0.243444444444444 0.002 0.12 0.999998912084995
0.622 0.243444444444444 0.002 0.12 0.999998910443011
0.623 0.243444444444444 0.002 0.12 0.999998908801027
0.624 0.243444444444444 0.002 0.12 0.999998907159044
0.625 0.243444444444444 0.002 0.12 0.99999890551706
0.626 0.243444444444444 0.002 0.12 0.999998903875076
0.627 0.243444444444444 0.002 0.12 0.999998902233092
0.628 0.243444444444444 0.002 0.12 0.999998900591109
0.629 0.243444444444444 0.002 0.12 0.999998898949125
0.63 0.243444444444444 0.002 0.12 0.999998897307141
0.631 0.243444444444444 0.002 0.12 0.999998895665157
0.632 0.243444444444444 0.002 0.12 0.999998894023174
0.633 0.243444444444444 0.002 0.12 0.99999889238119
0.634 0.243444444444444 0.002 0.12 0.999998890739206
0.635 0.243444444444444 0.002 0.12 0.999998889097222
0.636 0.290213395908702 0.002 0.12 0.999998887455238
0.637 0.243444444444444 0.002 0.12 0.999998885813255
0.638 0.243444444444444 0.002 0.12 0.999998884171271
0.639 0.243444444444444 0.002 0.12 0.999998882441083
0.64 0.243444444444444 0.002 0.12 0.999998880710902
0.641 0.243444444444444 0.002 0.12 0.999998879068924
0.642 0.243444444444444 0.002 0.12 0.99999887742694
0.643 0.243444444444444 0.002 0.12 0.999998875784956
0.644 0.243444444444444 0.002 0.12 0.999998874142973
0.645 0.243444444444444 0.002 0.12 0.999998872500989
0.646 0.243444444444444 0.002 0.12 0.999998870859005
0.647 0.243444444444444 0.002 0.12 0.999998869217021
0.648 0.243444444444444 0.002 0.12 0.999998867575037
0.649 0.243444444444444 0.002 0.12 0.999998865933054
0.65 0.243444444444444 0.002 0.12 0.99999886429107
0.651 0.243444444444444 0.002 0.12 0.999998862649086
0.652 0.243444444444444 0.002 0.12 0.999998861007102
0.653 0.243444444444444 0.002 0.12 0.999998859365119
0.654 0.243444444444444 0.002 0.12 0.999998857723135
0.655 0.243444444444444 0.002 0.12 0.999998856081151
0.656 0.243444444444444 0.002 0.12 0.999998854439167
0.657 0.243444444444444 0.002 0.12 0.999998852797183
0.658 0.243444444444444 0.002 0.12 0.9999988511552
0.659 0.243444444444444 0.002 0.12 0.999998849513216
0.66 0.243444444444444 0.002 0.12 0.999998847871232
0.661 0.243444444444444 0.002 0.12 0.999998846229249
0.662 0.243444444444444 0.002 0.12 0.999998844587265
0.663 0.243444444444444 0.002 0.12 0.999998842945282
0.664 0.243444444444444 0.002 0.12 0.999998841303298
0.665 0.243444444444444 0.002 0.12 0.999998839661314
0.666 0.290275148111886 0.002 0.12 0.999998838019331
0.667 0.243444444444444 0.002 0.12 0.999998836377347
0.668 0.243444444444444 0.002 0.12 0.999998834735363
0.669 0.243444444444444 0.002 0.12 0.999998833005059
0.67 0.243444444444444 0.002 0.12 0.999998831274761
0.671 0.243444444444444 0.002 0.12 0.999998829632783
0.672 0.243444444444444 0.002 0.12 0.999998827990799
0.673 0.243444444444444 0.002 0.12 0.999998826348816
0.674 0.243444444444444 0.002 0.12 0.999998824706832
0.675 0.243444444444444 0.002 0.12 0.999998823064848
0.676 0.243444444444444 0.002 0.12 0.999998821422865
0.677 0.243444444444444 0.002 0.12 0.999998819780881
0.678 0.243444444444444 0.002 0.12 0.999998818138897
0.679 0.243444444444444 0.002 0.12 0.999998816496914
0.68 0.243444444444444 0.002 0.12 0.99999881485493
0.681 0.243444444444444 0.002 0.12 0.999998813212946
0.682 0.243444444444444 0.002 0.12 0.999998811570963
0.683 0.243444444444444 0.002 0.12 0.999998809928979
0.684 0.243444444444444 0.002 0.12 0.999998808286995
0.685 0.243444444444444 0.002 0.12 0.999998806645012
0.686 0.243444444444444 0.002 0.12 0.999998805003028
0.687 0.243444444444444 0.002 0.12 0.999998803361045
0.688 0.243444444444444 0.002 0.12 0.999998801719061
0.689 0.243444444444444 0.002 0.12 0.999998800077077
0.69 0.243444444444444 0.002 0.12 0.999998798435094
0.691 0.243444444444444 0.002 0.12 0.99999879679311
0.692 0.243444444444444 0.002 0.12 0.999998795151126
0.693 0.243444444444444 0.002 0.12 0.999998793509143
0.694 0.243444444444444 0.002 0.12 0.999998791867159
0.695 0.243444444444444 0.002 0.12 0.999998790225175
0.696 0.290165390843786 0.002 0.12 0.999998788583192
0.697 0.243444444444444 0.002 0.12 0.999998786941208
0.698 0.243444444444444 0.002 0.12 0.999998785299224
0.699 0.243444444444444 0.002 0.12 0.999998783569128
0.7 0.243444444444444 0.002 0.12 0.999998781839037
0.701 0.243444444444444 0.002 0.12 0.999998780197059
0.702 0.243444444444444 0.002 0.12 0.999998778555075
0.703 0.243444444444444 0.002 0.12 0.999998776913091
0.704 0.243444444444444 0.002 0.12 0.999998775271108
0.705 0.243444444444444 0.002 0.12 0.999998773629124
0.706 0.243444444444444 0.002 0.12 0.99999877198714
0.707 0.243444444444444 0.002 0.12 0.999998770345157
0.708 0.243444444444444 0.002 0.12 0.999998768703173
0.709 0.243444444444444 0.002 0.12 0.999998767061189
0.71 0.243444444444444 0.002 0.12 0.999998765419206
0.711 0.243444444444444 0.002 0.12 0.999998763777222
0.712 0.243444444444444 0.002 0.12 0.999998762135238
0.713 0.243444444444444 0.002 0.12 0.999998760493255
0.714 0.243444444444444 0.002 0.12 0.999998758851271
0.715 0.243444444444444 0.002 0.12 0.999998757209287
0.716 0.243444444444444 0.002 0.12 0.999998755567304
0.717 0.243444444444444 0.002 0.12 0.99999875392532
0.718 0.243444444444444 0.002 0.12 0.999998752283336
0.719 0.243444444444444 0.002 0.12 0.999998750641353
0.72 0.243444444444444 0.002 0.12 0.999998748999369
0.721 0.243444444444444 0.002 0.12 0.999998747357385
0.722 0.243444444444444 0.002 0.12 0.999998745715402
0.723 0.243444444444444 0.002 0.12 0.999998744073418
0.724 0.243444444444444 0.002 0.12 0.999998742431434
0.725 0.243444444444444 0.002 0.12 0.999998740789451
0.726 0.286135008742599 0.002 0.0019999999999999 0.999998739147467
0.727 0.290028002695927 0.002 0.12 0.999998737505484
0.728 0.243444444444444 0.002 0.12 0.999998736219833
0.729 0.243444444444444 0.002 0.12 0.999998734853651
0.73 0.243444444444444 0.002 0.12 0.999998733043289
0.731 0.243444444444444 0.002 0.12 0.999998731313463
0.732 0.243444444444444 0.002 0.12 0.999998729671485
0.733 0.243444444444444 0.002 0.12 0.999998728029502
0.734 0.243444444444444 0.002 0.12 0.999998726387518
0.735 0.243444444444444 0.002 0.12 0.999998724745535
0.736 0.243444444444444 0.002 0.12 0.999998723103551
0.737 0.243444444444444 0.002 0.12 0.999998721461567
0.738 0.243444444444444 0.002 0.12 0.999998719819584
0.739 0.243444444444444 0.002 0.12 0.9999987181776
0.74 0.243444444444444 0.002 0.12 0.999998716535617
0.741 0.243444444444444 0.002 0.12 0.999998714893633
0.742 0.243444444444444 0.002 0.12 0.99999871325165
0.743 0.243444444444444 0.002 0.12 0.999998711609666
0.744 0.243444444444444 0.002 0.12 0.999998709967683
0.745 0.243444444444444 0.002 0.12 0.999998708325699
0.746 0.243444444444444 0.002 0.12 0.999998706683715
0.747 0.243444444444444 0.002 0.12 0.999998705041732
0.748 0.243444444444444 0.002 0.12 0.999998703399748
0.749 0.243444444444444 0.002 0.12 0.999998701757765
0.75 0.243444444444444 0.002 0.12 0.999998700115781
0.751 0.243444444444444 0.002 0.12 0.999998698473798
0.752 0.243444444444444 0.002 0.12 0.999998696831814
0.753 0.243444444444444 0.002 0.12 0.999998695189831
0.754 0.243444444444444 0.002 0.12 0.999998693547847
0.755 0.243444444444444 0.002 0.12 0.999998691905864
0.756 0.243444444444444 0.002 0.12 0.99999869026388
0.757 0.290212896424934 0.002 0.12 0.999998688621896
0.758 0.243444444444444 0.002 0.12 0.999998686979913
0.759 0.243444444444444 0.002 0.12 0.999998685337929
0.76 0.243444444444444 0.002 0.12 0.999998683607743
0.761 0.243444444444444 0.002 0.12 0.999998681877562
0.762 0.243444444444444 0.002 0.12 0.999998680235585
0.763 0.243444444444444 0.002 0.12 0.999998678593601
0.764 0.243444444444444 0.002 0.12 0.999998676951618
0.765 0.243444444444444 0.002 0.12 0.999998675309634
0.766 0.243444444444444 0.002 0.12 0.99999867366765
0.767 0.243444444444444 0.002 0.12 0.999998672025667
0.768 0.243444444444444 0.002 0.12 0.999998670383683
0.769 0.243444444444444 0.002 0.12 0.9999986687417
0.77 0.243444444444444 0.002 0.12 0.999998667099716
0.771 0.243444444444444 0.002 0.12 0.999998665457733
0.772 0.243444444444444 0.002 0.12 0.999998663815749
0.773 0.243444444444444 0.002 0.12 0.999998662173766
0.774 0.243444444444444 0.002 0.12 0.999998660531782
0.775 0.243444444444444 0.002 0.12 0.999998658889799
0.776 0.243444444444444 0.002 0.12 0.999998657247815
0.777 0.243444444444444 0.002 0.12 0.999998655605831
0.778 0.243444444444444 0.002 0.12 0.999998653963848
0.779 0.243444444444444 0.002 0.12 0.999998652321864
0.78 0.243444444444444 0.002 0.12 0.999998650679881
0.781 0.243444444444444 0.002 0.12 0.999998649037897
0.782 0.243444444444444 0.002 0.12 0.999998647395914
0.783 0.243444444444444 0.002 0.12 0.99999864575393
0.784 0.243444444444444 0.002 0.12 0.999998644111947
0.785 0.243444444444444 0.002 0.12 0.999998642469963
0.786 0.243444444444444 0.002 0.12 0.99999864082798
0.787 0.290237261721558 0.002 0.12 0.999998639185996
0.788 0.243444444444444 0.002 0.12 0.999998637544012
0.789 0.243444444444444 0.002 0.12 0.999998635902029
0.79 0.243444444444444 0.002 0.12 0.999998634171797
0.791 0.243444444444444 0.002 0.12 0.99999863244157
0.792 0.243444444444444 0.002 0.12 0.999998630799592
0.793 0.243444444444444 0.002 0.12 0.999998629157609
0.794 0.243444444444444 0.002 0.12 0.999998627515625
0.795 0.243444444444444 0.002 0.12 0.999998625873642
0.796 0.243444444444444 0.002 0.12 0.999998624231658
0.797 0.243444444444444 0.002 0.12 0.999998622589675
0.798 0.243444444444444 0.002 0.12 0.999998620947691
0.799 0.243444444444444 0.002 0.12 0.999998619305707
0.8 0.243444444444444 0.002 0.12 0.999998617663724
0.801 0.243444444444444 0.002 0.12 0.99999861602174
0.802 0.243444444444444 0.002 0.12 0.999998614379757
0.803 0.243444444444444 0.002 0.12 0.999998612737773
0.804 0.243444444444444 0.002 0.12 0.99999861109579
0.805 0.243444444444444 0.002 0.12 0.999998609453806
0.806 0.243444444444444 0.002 0.12 0.999998607811823
0.807 0.243444444444444 0.002 0.12 0.99999860616984
0.808 0.243444444444444 0.002 0.12 0.999998604527856
0.809 0.243444444444444 0.002 0.12 0.999998602885873
0.81 0.243444444444444 0.002 0.12 0.999998601243889
0.811 0.243444444444444 0.002 0.12 0.999998599601906
0.812 0.243444444444444 0.002 0.12 0.999998597959922
0.813 0.243444444444444 0.002 0.12 0.999998596317939
0.814 0.243444444444444 0.002 0.12 0.999998594675956
0.815 0.243444444444444 0.002 0.12 0.999998593033972
0.816 0.243444444444444 0.002 0.12 0.999998591391989
0.817 0.290223508025513 0.002 0.0019999999999999 0.999998589750005
0.818 0.258390648341933 0.002 0.12 0.999998588108022
0.819 0.243444444444444 0.002 0.12 0.999998586822371
0.82 0.243444444444444 0.002 0.12 0.999998585448472
0.821 0.243444444444444 0.002 0.12 0.999998583690077
0.822 0.243444444444444 0.002 0.12 0.999998582019932
0.823 0.243444444444444 0.002 0.12 0.99999858037795
0.824 0.243444444444444 0.002 0.12 0.999998578735967
0.825 0.243444444444444 0.002 0.12 0.999998577093983
0.826 0.243444444444444 0.002 0.12 0.999998575452
0.827 0.243444444444444 0.002 0.12 0.999998573810016
0.828 0.243444444444444 0.002 0.12 0.999998572168033
0.829 0.243444444444444 0.002 0.12 0.99999857052605
0.83 0.243444444444444 0.002 0.12 0.999998568884066
0.831 0.243444444444444 0.002 0.12 0.999998567242083
0.832 0.243444444444444 0.002 0.12 0.999998565600099
0.833 0.243444444444444 0.002 0.12 0.999998563958116
0.834 0.243444444444444 0.002 0.12 0.999998562316132
0.835 0.243444444444444 0.002 0.12 0.999998560674149
0.836 0.243444444444444 0.002 0.12 0.999998559032166
0.837 0.243444444444444 0.002 0.12 0.999998557390182
0.838 0.243444444444444 0.002 0.12 0.999998555748199
0.839 0.243444444444444 0.002 0.12 0.999998554106215
0.84 0.243444444444444 0.002 0.12 0.999998552464232
0.841 0.243444444444444 0.002 0.12 0.999998550822248
0.842 0.243444444444444 0.002 0.12 0.999998549180265
0.843 0.243444444444444 0.002 0.12 0.999998547538281
0.844 0.243444444444444 0.002 0.12 0.999998545896298
0.845 0.243444444444444 0.002 0.12 0.999998544254315
0.846 0.243444444444444 0.002 0.12 0.999998542612331
0.847 0.243444444444444 0.002 0.12 0.999998540970348
0.848 0.290220479743619 0.002 0.12 0.999998539328364
0.849 0.243444444444444 0.002 0.12 0.999998537686381
0.85 0.243444444444444 0.002 0.12 0.999998536044397
0.851 0.243444444444444 0.002 0.12 0.999998534314197
0.852 0.243444444444444 0.002 0.12 0.999998532584002
0.853 0.243444444444444 0.002 0.12 0.999998530942025
0.854 0.243444444444444 0.002 0.12 0.999998529300041
0.855 0.243444444444444 0.002 0.12 0.999998527658058
0.856 0.243444444444444 0.002 0.12 0.999998526016074
0.857 0.243444444444444 0.002 0.12 0.999998524374091
0.858 0.243444444444444 0.002 0.12 0.999998522732107
0.859 0.243444444444444 0.002 0.12 0.999998521090124
0.86 0.243444444444444 0.002 0.12 0.99999851944814
0.861 0.243444444444444 0.002 0.12 0.999998517806157
0.862 0.243444444444444 0.002 0.12 0.999998516164174
0.863 0.243444444444444 0.002 0.12 0.99999851452219
0.864 0.243444444444444 0.002 0.12 0.999998512880207
0.865 0.243444444444444 0.002 0.12 0.999998511238223
0.866 0.243444444444444 0.002 0.12 0.99999850959624
0.867 0.243444444444444 0.002 0.12 0.999998507954256
0.868 0.243444444444444 0.002 0.12 0.999998506312273
0.869 0.243444444444444 0.002 0.12 0.99999850467029
0.87 0.243444444444444 0.002 0.12 0.999998503028306
0.871 0.243444444444444 0.002 0.12 0.999998501386323
0.872 0.243444444444444 0.002 0.12 0.999998499744339
0.873 0.243444444444444 0.002 0.12 0.999998498102356
0.874 0.243444444444444 0.002 0.12 0.999998496460372
0.875 0.243444444444444 0.002 0.12 0.999998494818389
0.876 0.243444444444444 0.002 0.12 0.999998493176406
0.877 0.243444444444444 0.002 0.12 0.999998491534422
0.878 0.290277879504288 0.002 0.12 0.999998489892439
0.879 0.243444444444444 0.002 0.12 0.999998488250456
0.88 0.243444444444444 0.002 0.12 0.999998486608472
0.881 0.243444444444444 0.002 0.12 0.999998484878163
0.882 0.243444444444444 0.002 0.12 0.99999848314786
0.883 0.243444444444444 0.002 0.12 0.999998481505883
0.884 0.243444444444444 0.002 0.12 0.9999984798639
0.885 0.243444444444444 0.002 0.12 0.999998478221916
0.886 0.243444444444444 0.002 0.12 0.999998476579933
0.887 0.243444444444444 0.002 0.12 0.99999847493795
0.888 0.243444444444444 0.002 0.12 0.999998473295966
0.889 0.243444444444444 0.002 0.12 0.999998471653983
0.89 0.243444444444444 0.002 0.12 0.999998470012
0.891 0.243444444444444 0.002 0.12 0.999998468370016
0.892 0.243444444444444 0.002 0.12 0.999998466728033
0.893 0.243444444444444 0.002 0.12 0.99999846508605
0.894 0.243444444444444 0.002 0.12 0.999998463444066
0.895 0.243444444444444 0.002 0.12 0.999998461802083
0.896 0.243444444444444 0.002 0.12 0.9999984601601
0.897 0.243444444444444 0.002 0.12 0.999998458518116
0.898 0.243444444444444 0.002 0.12 0.999998456876133
0.899 0.243444444444444 0.002 0.12 0.99999845523415
0.9 0.243444444444444 0.002 0.12 0.999998453592166
0.901 0.243444444444444 0.002 0.12 0.999998451950183
0.902 0.243444444444444 0.002 0.12 0.9999984503082
0.903 0.243444444444444 0.002 0.12 0.999998448666216
0.904 0.243444444444444 0.002 0.12 0.999998447024233
0.905 0.243444444444444 0.002 0.12 0.99999844538225
0.906 0.243444444444444 0.002 0.12 0.999998443740266
0.907 0.243444444444444 0.002 0.12 0.999998442098283
0.908 0.290527474317618 0.002 0.0019999999999999 0.9999984404563
